Arguments: 
  C:\Program Files\nodejs\node.exe C:\Program Files\nodejs\node_modules\yarn\bin\yarn.js

PATH: 
  C:\Users\Admin\miniconda3;C:\Users\Admin\miniconda3\Library\mingw-w64\bin;C:\Users\Admin\miniconda3\Library\usr\bin;C:\Users\Admin\miniconda3\Library\bin;C:\Users\Admin\miniconda3\Scripts;C:\Users\Admin\miniconda3\bin;C:\Users\Admin\miniconda3\condabin;C:\Program Files\NVIDIA GPU Computing Toolkit\CUDA\v11.8\bin;C:\Program Files\NVIDIA GPU Computing Toolkit\CUDA\v11.8\libnvvp;C:\Windows\system32;C:\Windows;C:\Windows\System32\Wbem;C:\Windows\System32\WindowsPowerShell\v1.0;C:\Windows\System32\OpenSSH;C:\Program Files (x86)\NVIDIA Corporation\PhysX\Common;C:\Program Files\NVIDIA Corporation\NVIDIA NvDLISR;C:\WINDOWS\system32;C:\WINDOWS;C:\WINDOWS\System32\Wbem;C:\WINDOWS\System32\WindowsPowerShell\v1.0;C:\WINDOWS\System32\OpenSSH;C:\Program Files\Git\cmd;C:\Program Files\PuTTY;C:\Users\Admin\AppData\Roaming\nvm;C:\Program Files\nodejs;C:\Program Files\Microsoft SQL Server\150\Tools\Binn;C:\Program Files\Microsoft SQL Server\Client SDK\ODBC\170\Tools\Binn;C:\Program Files\NVIDIA Corporation\Nsight Compute 2022.3.0;C:\Program Files (x86)\GitExtensions;C:\Program Files\WireGuard;C:\Program Files (x86)\Microsoft SQL Server\160\Tools\Binn;C:\Program Files\Microsoft SQL Server\160\Tools\Binn;C:\Program Files\Microsoft SQL Server\160\DTS\Binn;C:\Program Files (x86)\Microsoft SQL Server\160\DTS\Binn;C:\Program Files\Azure Data Studio\bin;C:\Program Files\dotnet;C:\Users\Admin\AppData\Local\Microsoft\WindowsApps;C:\Users\Admin\AppData\Local\Programs\Microsoft VS Code\bin;C:\Users\Admin\AppData\Roaming\nvm;C:\Program Files\nodejs;C:\Users\Admin\.dotnet\tools;C:\Users\Admin\AppData\Local\Programs\Fiddler;C:\Tools\sqlite;C:\Users\Admin\miniconda3;C:\Users\Admin\miniconda3\Scripts;C:\Users\Admin\Desktop\Tor Browser\Browser\TorBrowser\Tor;C:\Program Files\Azure Data Studio\bin;C:\Users\Admin\.dotnet\tools

Yarn version: 
  1.22.19

Node version: 
  16.14.0

Platform: 
  win32 x64

Trace: 
  SyntaxError: C:\Projects\NodeJs\gRPC\package.json: Unexpected token } in JSON at position 312
      at JSON.parse (<anonymous>)
      at C:\Users\Admin\AppData\Roaming\nvm\v16.14.0\node_modules\yarn\lib\cli.js:1629:59
      at Generator.next (<anonymous>)
      at step (C:\Users\Admin\AppData\Roaming\nvm\v16.14.0\node_modules\yarn\lib\cli.js:310:30)
      at C:\Users\Admin\AppData\Roaming\nvm\v16.14.0\node_modules\yarn\lib\cli.js:321:13

npm manifest: 
  {
    "name": "grpc",
    "version": "1.0.0",
    "description": "",
    "main": "index.js",
    "scripts": {
      "test": "echo \"Error: no test specified\" && exit 1"
    },
    "author": "",
    "license": "ISC",
    "dependencies": {
      "@grpc/grpc-js": "^1.9.1",
      "@grpc/proto-loader": "^0.7.9",
      "config": "^3.3.9",
    }
  }

yarn manifest: 
  No manifest

Lockfile: 
  No lockfile
